{"C:\\Users\\34665\\Desktop\\Abril2022\\Docker\\src\\test\\sum.js": {"path":"C:\\Users\\34665\\Desktop\\Abril2022\\Docker\\src\\test\\sum.js","all":false,"statementMap":{"0":{"start":{"line":1,"column":0},"end":{"line":1,"column":25}},"1":{"start":{"line":2,"column":0},"end":{"line":2,"column":20}},"2":{"start":{"line":3,"column":0},"end":{"line":3,"column":12}},"3":{"start":{"line":4,"column":0},"end":{"line":4,"column":3}},"4":{"start":{"line":5,"column":0},"end":{"line":5,"column":0}},"5":{"start":{"line":6,"column":0},"end":{"line":6,"column":39}},"6":{"start":{"line":7,"column":0},"end":{"line":7,"column":23}},"7":{"start":{"line":8,"column":0},"end":{"line":8,"column":20}},"8":{"start":{"line":9,"column":0},"end":{"line":9,"column":39}},"9":{"start":{"line":10,"column":0},"end":{"line":10,"column":5}},"10":{"start":{"line":11,"column":0},"end":{"line":11,"column":1}},"11":{"start":{"line":12,"column":0},"end":{"line":12,"column":23}},"12":{"start":{"line":13,"column":0},"end":{"line":13,"column":0}},"13":{"start":{"line":14,"column":0},"end":{"line":14,"column":26}},"14":{"start":{"line":15,"column":0},"end":{"line":15,"column":31}},"15":{"start":{"line":16,"column":0},"end":{"line":16,"column":30}},"16":{"start":{"line":17,"column":0},"end":{"line":17,"column":62}},"17":{"start":{"line":18,"column":0},"end":{"line":18,"column":39}},"18":{"start":{"line":19,"column":0},"end":{"line":19,"column":39}},"19":{"start":{"line":20,"column":0},"end":{"line":20,"column":3}},"20":{"start":{"line":21,"column":0},"end":{"line":21,"column":1}},"21":{"start":{"line":22,"column":0},"end":{"line":22,"column":0}},"22":{"start":{"line":23,"column":0},"end":{"line":23,"column":0}},"23":{"start":{"line":24,"column":0},"end":{"line":24,"column":22}}},"s":{"0":1,"1":1,"2":1,"3":1,"4":1,"5":1,"6":1,"7":1,"8":1,"9":1,"10":1,"11":1,"12":1,"13":1,"14":5,"15":5,"16":5,"17":5,"18":5,"19":5,"20":5,"21":1,"22":1,"23":1},"branchMap":{"0":{"type":"branch","line":14,"loc":{"start":{"line":14,"column":15},"end":{"line":21,"column":1}},"locations":[{"start":{"line":14,"column":15},"end":{"line":21,"column":1}}]},"1":{"type":"branch","line":15,"loc":{"start":{"line":15,"column":21},"end":{"line":15,"column":29}},"locations":[{"start":{"line":15,"column":21},"end":{"line":15,"column":29}}]},"2":{"type":"branch","line":15,"loc":{"start":{"line":15,"column":21},"end":{"line":16,"column":8}},"locations":[{"start":{"line":15,"column":21},"end":{"line":16,"column":8}}]},"3":{"type":"branch","line":16,"loc":{"start":{"line":16,"column":22},"end":{"line":16,"column":29}},"locations":[{"start":{"line":16,"column":22},"end":{"line":16,"column":29}}]},"4":{"type":"branch","line":16,"loc":{"start":{"line":16,"column":22},"end":{"line":17,"column":14}},"locations":[{"start":{"line":16,"column":22},"end":{"line":17,"column":14}}]},"5":{"type":"branch","line":17,"loc":{"start":{"line":17,"column":8},"end":{"line":17,"column":45}},"locations":[{"start":{"line":17,"column":8},"end":{"line":17,"column":45}}]},"6":{"type":"branch","line":17,"loc":{"start":{"line":17,"column":45},"end":{"line":17,"column":52}},"locations":[{"start":{"line":17,"column":45},"end":{"line":17,"column":52}}]},"7":{"type":"branch","line":17,"loc":{"start":{"line":17,"column":45},"end":{"line":18,"column":8}},"locations":[{"start":{"line":17,"column":45},"end":{"line":18,"column":8}}]},"8":{"type":"branch","line":18,"loc":{"start":{"line":18,"column":26},"end":{"line":19,"column":33}},"locations":[{"start":{"line":18,"column":26},"end":{"line":19,"column":33}}]}},"b":{"0":[5],"1":[1],"2":[4],"3":[1],"4":[3],"5":[2],"6":[1],"7":[2],"8":[1]},"fnMap":{"0":{"name":"print","decl":{"start":{"line":14,"column":15},"end":{"line":21,"column":1}},"loc":{"start":{"line":14,"column":15},"end":{"line":21,"column":1}},"line":14}},"f":{"0":5}}
}
